#
# A fatal error has been detected by the Java Runtime Environment:
#
#  SIGSEGV (0xb) at pc=0x00007fef9b110462, pid=15261, tid=140667075467008
#
# JRE version: OpenJDK Runtime Environment (7.0_79-b14) (build 1.7.0_79-b14)
# Java VM: OpenJDK 64-Bit Server VM (24.79-b02 mixed mode linux-amd64 compressed oops)
# Derivative: IcedTea 2.5.5
# Distribution: Ubuntu 14.04 LTS, package 7u79-2.5.5-0ubuntu0.14.04.2
# Problematic frame:
# C  [librxtxSerial.so+0x6462]  read_byte_array+0x52
#
# Failed to write core dump. Core dumps have been disabled. To enable core dumping, try "ulimit -c unlimited" before starting Java again
#
# If you would like to submit a bug report, please include
# instructions on how to reproduce the bug and visit:
#   http://icedtea.classpath.org/bugzilla
# The crash happened outside the Java Virtual Machine in native code.
# See problematic frame for where to report the bug.
#

---------------  T H R E A D  ---------------

Current thread (0x00007fefa4136800):  JavaThread "Thread-0" [_thread_in_native, id=15276, stack(0x00007fef9b009000,0x00007fef9b10a000)]

siginfo:si_signo=SIGSEGV: si_errno=0, si_code=1 (SEGV_MAPERR), si_addr=0xffffffff9b1087b8

Registers:
RAX=0xffffffff9b1087b0, RBX=0xffffffffffffffff, RCX=0x0000000000000001, RDX=0x00007fefac54ce40
RSP=0x00007fef9b107ba0, RBP=0x00007fefa41369d8, RSI=0x00007fef9b113e30, RDI=0x00007fef9b113d3e
R8 =0x00000006fc6d99f0, R9 =0x00000007acebfb60, R10=0x0000000000000000, R11=0x00007fefac551864
R12=0x00000000ffffffff, R13=0x0000000000000000, R14=0x000000000000000c, R15=0x0000000000000000
RIP=0x00007fef9b110462, EFLAGS=0x0000000000010202, CSGSFS=0x0000000000000033, ERR=0x0000000000000005
  TRAPNO=0x000000000000000e

Top of Stack: (sp=0x00007fef9b107ba0)
0x00007fef9b107ba0:   00007fef9b10aed0 00007fefa410faf0
0x00007fef9b107bb0:   0000000000000000 00000006fc6e3fa8
0x00007fef9b107bc0:   00007fefa8433ec0 ffffffff9b1087b0
0x00007fef9b107bd0:   00007fef9b107c10 0000000000000000
0x00007fef9b107be0:   0000000000000000 0000000700000000
0x00007fef9b107bf0:   00007fef54001140 0000000c00002000
0x00007fef9b107c00:   0000000000000000 00007fef9b216830
0x00007fef9b107c10:   0000000000000000 0000000000000007
0x00007fef9b107c20:   000000000000000c 0000000000000000
0x00007fef9b107c30:   00007fefa41369d8 00007fefad189557
0x00007fef9b107c40:   0000000000000005 0000000000000000
0x00007fef9b107c50:   00007fefa4136800 00007fef9b10aed0
0x00007fef9b107c60:   ffffffffffffffff 00007fefa41369d8
0x00007fef9b107c70:   00007fef54001140 00007fefad190515
0x00007fef9b107c80:   00007fef54001140 00007fef54001140
0x00007fef9b107c90:   000000000000000c ffffffffffffffff
0x00007fef9b107ca0:   00007fefa41369d8 00007fef54001140
0x00007fef9b107cb0:   0000000000000007 000000000000000c
0x00007fef9b107cc0:   0000000000000000 00007fef9b1108a1
0x00007fef9b107cd0:   00007fefa4136800 00007fef9b107db8
0x00007fef9b107ce0:   00007fef9b107dc0 00000006fc6dc8b0
0x00007fef9b107cf0:   00007fef9b107d88 0000000000000000
0x00007fef9b107d00:   00000006fc6dc8a8 00007fef9b107dc0
0x00007fef9b107d10:   00007fefa4136800 00007fefa1012d98
0x00007fef9b107d20:   00007fefa41372f8 00007fefa4137308
0x00007fef9b107d30:   00007fefa4137310 00007fefa4137310
0x00007fef9b107d40:   00007feffffffffe 00007fef9b107d48
0x00007fef9b107d50:   00000006fc6dc8a8 00007fef9b107dc0
0x00007fef9b107d60:   00000006fc6f7848 0000000000000000
0x00007fef9b107d70:   00000006fc6dc8b0 0000000000000000
0x00007fef9b107d80:   00007fef9b107da8 00007fef9b107e18
0x00007fef9b107d90:   00007fefa10061d4 0000000000000000 

Instructions: (pc=0x00007fef9b110462)
0x00007fef9b110442:   89 44 24 4c 48 c7 44 24 40 00 00 00 00 48 c7 44
0x00007fef9b110452:   24 38 00 00 00 00 e8 53 d7 ff ff 48 89 44 24 28
0x00007fef9b110462:   8b 40 08 45 85 e4 48 8b 54 24 28 44 8b 7c 24 4c
0x00007fef9b110472:   89 44 24 34 c7 42 08 00 00 00 00 78 0c 31 c0 e8 

Register to memory mapping:

RAX=0xffffffff9b1087b0 is an unknown value
RBX=0xffffffffffffffff is an unknown value
RCX=0x0000000000000001 is an unknown value
RDX=0x00007fefac54ce40: <offset 0xde3e40> in /usr/lib/jvm/java-7-openjdk-amd64/jre/lib/amd64/server/libjvm.so at 0x00007fefab769000
RSP=0x00007fef9b107ba0 is pointing into the stack for thread: 0x00007fefa4136800
RBP=0x00007fefa41369d8 is an unknown value
RSI=0x00007fef9b113e30: <offset 0x9e30> in /usr/lib/jvm/java-7-openjdk-amd64/jre/lib/amd64/librxtxSerial.so at 0x00007fef9b10a000
RDI=0x00007fef9b113d3e: <offset 0x9d3e> in /usr/lib/jvm/java-7-openjdk-amd64/jre/lib/amd64/librxtxSerial.so at 0x00007fef9b10a000
R8 =0x00000006fc6d99f0 is an oop
[S 
 - klass: {type array short}
 - length: 174
R9 =0x00000007acebfb60 is an oop
gnu.io.RXTXPort 
 - klass: 'gnu/io/RXTXPort'
R10=0x0000000000000000 is an unknown value
R11=0x00007fefac551864: <offset 0xde8864> in /usr/lib/jvm/java-7-openjdk-amd64/jre/lib/amd64/server/libjvm.so at 0x00007fefab769000
R12=0x00000000ffffffff is an unknown value
R13=0x0000000000000000 is an unknown value
R14=0x000000000000000c is an unknown value
R15=0x0000000000000000 is an unknown value


Stack: [0x00007fef9b009000,0x00007fef9b10a000],  sp=0x00007fef9b107ba0,  free space=1018k
Native frames: (J=compiled Java code, j=interpreted, Vv=VM code, C=native code)
C  [librxtxSerial.so+0x6462]  read_byte_array+0x52

Java frames: (J=compiled Java code, j=interpreted, Vv=VM code)
j  gnu.io.RXTXPort.readArray([BII)I+0
j  gnu.io.RXTXPort$SerialInputStream.read([BII)I+187
j  sun.nio.cs.StreamDecoder.readBytes()I+135
j  sun.nio.cs.StreamDecoder.implRead([CII)I+112
j  sun.nio.cs.StreamDecoder.read([CII)I+180
j  java.io.InputStreamReader.read([CII)I+7
j  java.io.BufferedReader.fill()V+145
j  java.io.BufferedReader.readLine(Z)Ljava/lang/String;+44
j  java.io.BufferedReader.readLine()Ljava/lang/String;+2
j  SerialTest.serialEvent(Lgnu/io/SerialPortEvent;)V+12
j  gnu.io.RXTXPort.sendEvent(IZ)Z+382
v  ~StubRoutines::call_stub
j  gnu.io.RXTXPort.eventLoop()V+0
j  gnu.io.RXTXPort$MonitorThread.run()V+12
v  ~StubRoutines::call_stub

---------------  P R O C E S S  ---------------

Java Threads: ( => current thread )
  0x00007fefa400a000 JavaThread "DestroyJavaVM" [_thread_blocked, id=15262, stack(0x00007fefad25c000,0x00007fefad35d000)]
  0x00007fefa4135800 JavaThread "Thread-1" [_thread_blocked, id=15277, stack(0x00007fef9af08000,0x00007fef9b009000)]
=>0x00007fefa4136800 JavaThread "Thread-0" [_thread_in_native, id=15276, stack(0x00007fef9b009000,0x00007fef9b10a000)]
  0x00007fefa40ae800 JavaThread "Service Thread" daemon [_thread_blocked, id=15273, stack(0x00007fef9b318000,0x00007fef9b419000)]
  0x00007fefa40ac000 JavaThread "C2 CompilerThread1" daemon [_thread_blocked, id=15272, stack(0x00007fef9b419000,0x00007fef9b51a000)]
  0x00007fefa40a9000 JavaThread "C2 CompilerThread0" daemon [_thread_blocked, id=15271, stack(0x00007fef9b51a000,0x00007fef9b61b000)]
  0x00007fefa40a7000 JavaThread "Signal Dispatcher" daemon [_thread_blocked, id=15270, stack(0x00007fef9b61b000,0x00007fef9b71c000)]
  0x00007fefa407c000 JavaThread "Finalizer" daemon [_thread_blocked, id=15269, stack(0x00007fef9bdfe000,0x00007fef9beff000)]
  0x00007fefa407a000 JavaThread "Reference Handler" daemon [_thread_blocked, id=15268, stack(0x00007fef9beff000,0x00007fef9c000000)]

Other Threads:
  0x00007fefa4075800 VMThread [stack: 0x00007fefa00f1000,0x00007fefa01f2000] [id=15267]
  0x00007fefa40b9000 WatcherThread [stack: 0x00007fef9b217000,0x00007fef9b318000] [id=15274]

VM state:not at safepoint (normal execution)

VM Mutex/Monitor currently owned by a thread: None

Heap
 PSYoungGen      total 75264K, used 5202K [0x00000007ace00000, 0x00000007b2180000, 0x0000000800000000)
  eden space 65024K, 8% used [0x00000007ace00000,0x00000007ad314918,0x00000007b0d80000)
  from space 10240K, 0% used [0x00000007b1780000,0x00000007b1780000,0x00000007b2180000)
  to   space 10240K, 0% used [0x00000007b0d80000,0x00000007b0d80000,0x00000007b1780000)
 ParOldGen       total 169984K, used 0K [0x0000000706a00000, 0x0000000711000000, 0x00000007ace00000)
  object space 169984K, 0% used [0x0000000706a00000,0x0000000706a00000,0x0000000711000000)
 PSPermGen       total 21504K, used 3111K [0x00000006fc400000, 0x00000006fd900000, 0x0000000706a00000)
  object space 21504K, 14% used [0x00000006fc400000,0x00000006fc709d10,0x00000006fd900000)

Card table byte_map: [0x00007fefa95dd000,0x00007fefa9dfc000] byte_map_base: 0x00007fefa5dfb000

Polling page: 0x00007fefad398000

Code Cache  [0x00007fefa1000000, 0x00007fefa1270000, 0x00007fefa4000000)
 total_blobs=184 nmethods=1 adapters=137 free_code_cache=48768Kb largest_free_block=49921856

Compilation events (2 events):
Event: 0.106 Thread 0x00007fefa40a9000    1             java.lang.String::indexOf (70 bytes)
Event: 0.119 Thread 0x00007fefa40a9000 nmethod 1 0x00007fefa1060c50 code [0x00007fefa1060da0, 0x00007fefa1060f48]

GC Heap History (0 events):
No events

Deoptimization events (0 events):
No events

Internal exceptions (10 events):
Event: 0.034 Thread 0x00007fefa400a000 Threw 0x00000007ace0f128 at /build/buildd/openjdk-7-7u79-2.5.5/build/openjdk/hotspot/src/share/vm/prims/jni.cpp:3995
Event: 0.066 Thread 0x00007fefa400a000 Threw 0x00000007ace480d0 at /build/buildd/openjdk-7-7u79-2.5.5/build/openjdk/hotspot/src/share/vm/prims/jni.cpp:721
Event: 0.066 Thread 0x00007fefa400a000 Threw 0x00000007ace48250 at /build/buildd/openjdk-7-7u79-2.5.5/build/openjdk/hotspot/src/share/vm/prims/jvm.cpp:1284
Event: 0.066 Thread 0x00007fefa400a000 Threw 0x00000007ace48378 at /build/buildd/openjdk-7-7u79-2.5.5/build/openjdk/hotspot/src/share/vm/prims/jvm.cpp:1284
Event: 0.066 Thread 0x00007fefa400a000 Threw 0x00000007ace4b3f0 at /build/buildd/openjdk-7-7u79-2.5.5/build/openjdk/hotspot/src/share/vm/prims/jvm.cpp:1284
Event: 0.073 Thread 0x00007fefa400a000 Threw 0x00000007ace57ea8 at /build/buildd/openjdk-7-7u79-2.5.5/build/openjdk/hotspot/src/share/vm/prims/jvm.cpp:1284
Event: 0.080 Thread 0x00007fefa400a000 Threw 0x00000007ace8e128 at /build/buildd/openjdk-7-7u79-2.5.5/build/openjdk/hotspot/src/share/vm/prims/jni.cpp:721
Event: 0.083 Thread 0x00007fefa400a000 Threw 0x00000007ace8f250 at /build/buildd/openjdk-7-7u79-2.5.5/build/openjdk/hotspot/src/share/vm/prims/jni.cpp:721
Event: 0.088 Thread 0x00007fefa400a000 Threw 0x00000007acea06f8 at /build/buildd/openjdk-7-7u79-2.5.5/build/openjdk/hotspot/src/share/vm/prims/jni.cpp:721
Event: 0.094 Thread 0x00007fefa400a000 Threw 0x00000007acea1600 at /build/buildd/openjdk-7-7u79-2.5.5/build/openjdk/hotspot/src/share/vm/prims/jni.cpp:721

Events (10 events):
Event: 0.111 loading class 0x00007fefa4139450
Event: 0.111 loading class 0x00007fefa4139450 done
Event: 0.113 Thread 0x00007fefa4136800 Thread added: 0x00007fefa4136800
Event: 0.119 loading class 0x00007fefa842e810
Event: 0.119 loading class 0x00007fefa842e810 done
Event: 0.119 loading class 0x00007fefa40c4730
Event: 0.120 loading class 0x00007fefa40c4730 done
Event: 0.120 Thread 0x00007fefa4135800 Thread added: 0x00007fefa4135800
Event: 0.121 Thread 0x00007fefa400a000 Thread exited: 0x00007fefa400a000
Event: 0.121 Thread 0x00007fefa400a000 Thread added: 0x00007fefa400a000


Dynamic libraries:
00400000-00401000 r-xp 00000000 08:08 1982955                            /usr/lib/jvm/java-7-openjdk-amd64/jre/bin/java
00600000-00601000 r--p 00000000 08:08 1982955                            /usr/lib/jvm/java-7-openjdk-amd64/jre/bin/java
00601000-00602000 rw-p 00001000 08:08 1982955                            /usr/lib/jvm/java-7-openjdk-amd64/jre/bin/java
01082000-010a3000 rw-p 00000000 00:00 0                                  [heap]
6fc400000-6fd900000 rw-p 00000000 00:00 0 
6fd900000-706a00000 rw-p 00000000 00:00 0 
706a00000-711000000 rw-p 00000000 00:00 0 
711000000-7ace00000 rw-p 00000000 00:00 0 
7ace00000-7b2180000 rw-p 00000000 00:00 0 
7b2180000-800000000 rw-p 00000000 00:00 0 
7fef54000000-7fef54021000 rw-p 00000000 00:00 0 
7fef54021000-7fef58000000 ---p 00000000 00:00 0 
7fef58000000-7fef58021000 rw-p 00000000 00:00 0 
7fef58021000-7fef5c000000 ---p 00000000 00:00 0 
7fef5c000000-7fef5c021000 rw-p 00000000 00:00 0 
7fef5c021000-7fef60000000 ---p 00000000 00:00 0 
7fef60000000-7fef60021000 rw-p 00000000 00:00 0 
7fef60021000-7fef64000000 ---p 00000000 00:00 0 
7fef64000000-7fef64056000 rw-p 00000000 00:00 0 
7fef64056000-7fef68000000 ---p 00000000 00:00 0 
7fef68000000-7fef68021000 rw-p 00000000 00:00 0 
7fef68021000-7fef6c000000 ---p 00000000 00:00 0 
7fef6c000000-7fef6c021000 rw-p 00000000 00:00 0 
7fef6c021000-7fef70000000 ---p 00000000 00:00 0 
7fef70000000-7fef70021000 rw-p 00000000 00:00 0 
7fef70021000-7fef74000000 ---p 00000000 00:00 0 
7fef74000000-7fef74021000 rw-p 00000000 00:00 0 
7fef74021000-7fef78000000 ---p 00000000 00:00 0 
7fef7be20000-7fef84000000 rw-p 00000000 00:00 0 
7fef84000000-7fef84021000 rw-p 00000000 00:00 0 
7fef84021000-7fef88000000 ---p 00000000 00:00 0 
7fef88000000-7fef88021000 rw-p 00000000 00:00 0 
7fef88021000-7fef8c000000 ---p 00000000 00:00 0 
7fef8c000000-7fef8c021000 rw-p 00000000 00:00 0 
7fef8c021000-7fef90000000 ---p 00000000 00:00 0 
7fef94000000-7fef94021000 rw-p 00000000 00:00 0 
7fef94021000-7fef98000000 ---p 00000000 00:00 0 
7fef9af08000-7fef9af0b000 ---p 00000000 00:00 0 
7fef9af0b000-7fef9b009000 rw-p 00000000 00:00 0                          [stack:15277]
7fef9b009000-7fef9b00c000 ---p 00000000 00:00 0 
7fef9b00c000-7fef9b10a000 rw-p 00000000 00:00 0                          [stack:15276]
7fef9b10a000-7fef9b116000 r-xp 00000000 08:08 1741075                    /usr/lib/jvm/java-7-openjdk-amd64/jre/lib/amd64/librxtxSerial.so
7fef9b116000-7fef9b215000 ---p 0000c000 08:08 1741075                    /usr/lib/jvm/java-7-openjdk-amd64/jre/lib/amd64/librxtxSerial.so
7fef9b215000-7fef9b217000 rw-p 0000b000 08:08 1741075                    /usr/lib/jvm/java-7-openjdk-amd64/jre/lib/amd64/librxtxSerial.so
7fef9b217000-7fef9b218000 ---p 00000000 00:00 0 
7fef9b218000-7fef9b318000 rw-p 00000000 00:00 0                          [stack:15274]
7fef9b318000-7fef9b31b000 ---p 00000000 00:00 0 
7fef9b31b000-7fef9b419000 rw-p 00000000 00:00 0                          [stack:15273]
7fef9b419000-7fef9b41c000 ---p 00000000 00:00 0 
7fef9b41c000-7fef9b51a000 rw-p 00000000 00:00 0                          [stack:15272]
7fef9b51a000-7fef9b51d000 ---p 00000000 00:00 0 
7fef9b51d000-7fef9b61b000 rw-p 00000000 00:00 0                          [stack:15271]
7fef9b61b000-7fef9b61e000 ---p 00000000 00:00 0 
7fef9b61e000-7fef9b71c000 rw-p 00000000 00:00 0                          [stack:15270]
7fef9b71c000-7fef9bdfe000 r--p 00000000 08:08 1450093                    /usr/lib/locale/locale-archive
7fef9bdfe000-7fef9be01000 ---p 00000000 00:00 0 
7fef9be01000-7fef9beff000 rw-p 00000000 00:00 0                          [stack:15269]
7fef9beff000-7fef9bf02000 ---p 00000000 00:00 0 
7fef9bf02000-7fef9c000000 rw-p 00000000 00:00 0                          [stack:15268]
7fef9c000000-7fef9c021000 rw-p 00000000 00:00 0 
7fef9c021000-7fefa0000000 ---p 00000000 00:00 0 
7fefa00f1000-7fefa00f2000 ---p 00000000 00:00 0 
7fefa00f2000-7fefa1000000 rw-p 00000000 00:00 0                          [stack:15267]
7fefa1000000-7fefa1270000 rwxp 00000000 00:00 0 
7fefa1270000-7fefa4155000 rw-p 00000000 00:00 0 
7fefa4155000-7fefa8000000 ---p 00000000 00:00 0 
7fefa8018000-7fefa8207000 rw-p 00000000 00:00 0 
7fefa8207000-7fefa83b8000 r--s 01d27000 08:08 1579224                    /usr/lib/jvm/java-7-openjdk-amd64/jre/lib/rt.jar
7fefa83b8000-7fefa8ca7000 rw-p 00000000 00:00 0 
7fefa8ca7000-7fefa8ca8000 ---p 00000000 00:00 0 
7fefa8ca8000-7fefa8da8000 rw-p 00000000 00:00 0                          [stack:15266]
7fefa8da8000-7fefa8da9000 ---p 00000000 00:00 0 
7fefa8da9000-7fefa8ea9000 rw-p 00000000 00:00 0                          [stack:15265]
7fefa8ea9000-7fefa8eaa000 ---p 00000000 00:00 0 
7fefa8eaa000-7fefa8faa000 rw-p 00000000 00:00 0                          [stack:15264]
7fefa8faa000-7fefa8fab000 ---p 00000000 00:00 0 
7fefa8fab000-7fefa90fe000 rw-p 00000000 00:00 0                          [stack:15263]
7fefa90fe000-7fefa95dd000 rw-p 00000000 00:00 0 
7fefa95dd000-7fefa95e8000 rw-p 00000000 00:00 0 
7fefa95e8000-7fefa9630000 rw-p 00000000 00:00 0 
7fefa9630000-7fefa9683000 rw-p 00000000 00:00 0 
7fefa9683000-7fefa9b62000 rw-p 00000000 00:00 0 
7fefa9b62000-7fefa9b8c000 rw-p 00000000 00:00 0 
7fefa9b8c000-7fefa9dfb000 rw-p 00000000 00:00 0 
7fefa9dfb000-7fefa9e06000 rw-p 00000000 00:00 0 
7fefa9e06000-7fefa9ebc000 rw-p 00000000 00:00 0 
7fefa9ebc000-7fefa9ec4000 r-xp 00000000 08:08 1712409                    /usr/lib/jvm/java-7-openjdk-amd64/jre/lib/amd64/libzip.so
7fefa9ec4000-7fefaa0c3000 ---p 00008000 08:08 1712409                    /usr/lib/jvm/java-7-openjdk-amd64/jre/lib/amd64/libzip.so
7fefaa0c3000-7fefaa0c4000 r--p 00007000 08:08 1712409                    /usr/lib/jvm/java-7-openjdk-amd64/jre/lib/amd64/libzip.so
7fefaa0c4000-7fefaa0c5000 rw-p 00008000 08:08 1712409                    /usr/lib/jvm/java-7-openjdk-amd64/jre/lib/amd64/libzip.so
7fefaa0c5000-7fefaa0d0000 r-xp 00000000 08:08 1185076                    /lib/x86_64-linux-gnu/libnss_files-2.19.so
7fefaa0d0000-7fefaa2cf000 ---p 0000b000 08:08 1185076                    /lib/x86_64-linux-gnu/libnss_files-2.19.so
7fefaa2cf000-7fefaa2d0000 r--p 0000a000 08:08 1185076                    /lib/x86_64-linux-gnu/libnss_files-2.19.so
7fefaa2d0000-7fefaa2d1000 rw-p 0000b000 08:08 1185076                    /lib/x86_64-linux-gnu/libnss_files-2.19.so
7fefaa2d1000-7fefaa2dc000 r-xp 00000000 08:08 1185148                    /lib/x86_64-linux-gnu/libnss_nis-2.19.so
7fefaa2dc000-7fefaa4db000 ---p 0000b000 08:08 1185148                    /lib/x86_64-linux-gnu/libnss_nis-2.19.so
7fefaa4db000-7fefaa4dc000 r--p 0000a000 08:08 1185148                    /lib/x86_64-linux-gnu/libnss_nis-2.19.so
7fefaa4dc000-7fefaa4dd000 rw-p 0000b000 08:08 1185148                    /lib/x86_64-linux-gnu/libnss_nis-2.19.so
7fefaa4dd000-7fefaa4f4000 r-xp 00000000 08:08 1185133                    /lib/x86_64-linux-gnu/libnsl-2.19.so
7fefaa4f4000-7fefaa6f3000 ---p 00017000 08:08 1185133                    /lib/x86_64-linux-gnu/libnsl-2.19.so
7fefaa6f3000-7fefaa6f4000 r--p 00016000 08:08 1185133                    /lib/x86_64-linux-gnu/libnsl-2.19.so
7fefaa6f4000-7fefaa6f5000 rw-p 00017000 08:08 1185133                    /lib/x86_64-linux-gnu/libnsl-2.19.so
7fefaa6f5000-7fefaa6f7000 rw-p 00000000 00:00 0 
7fefaa6f7000-7fefaa700000 r-xp 00000000 08:08 1185131                    /lib/x86_64-linux-gnu/libnss_compat-2.19.so
7fefaa700000-7fefaa8ff000 ---p 00009000 08:08 1185131                    /lib/x86_64-linux-gnu/libnss_compat-2.19.so
7fefaa8ff000-7fefaa900000 r--p 00008000 08:08 1185131                    /lib/x86_64-linux-gnu/libnss_compat-2.19.so
7fefaa900000-7fefaa901000 rw-p 00009000 08:08 1185131                    /lib/x86_64-linux-gnu/libnss_compat-2.19.so
7fefaa901000-7fefaa92c000 r-xp 00000000 08:08 1713090                    /usr/lib/jvm/java-7-openjdk-amd64/jre/lib/amd64/libjava.so
7fefaa92c000-7fefaab2c000 ---p 0002b000 08:08 1713090                    /usr/lib/jvm/java-7-openjdk-amd64/jre/lib/amd64/libjava.so
7fefaab2c000-7fefaab2d000 r--p 0002b000 08:08 1713090                    /usr/lib/jvm/java-7-openjdk-amd64/jre/lib/amd64/libjava.so
7fefaab2d000-7fefaab2f000 rw-p 0002c000 08:08 1713090                    /usr/lib/jvm/java-7-openjdk-amd64/jre/lib/amd64/libjava.so
7fefaab2f000-7fefaab3f000 r-xp 00000000 08:08 1713087                    /usr/lib/jvm/java-7-openjdk-amd64/jre/lib/amd64/libverify.so
7fefaab3f000-7fefaad3e000 ---p 00010000 08:08 1713087                    /usr/lib/jvm/java-7-openjdk-amd64/jre/lib/amd64/libverify.so
7fefaad3e000-7fefaad40000 r--p 0000f000 08:08 1713087                    /usr/lib/jvm/java-7-openjdk-amd64/jre/lib/amd64/libverify.so
7fefaad40000-7fefaad41000 rw-p 00011000 08:08 1713087                    /usr/lib/jvm/java-7-openjdk-amd64/jre/lib/amd64/libverify.so
7fefaad41000-7fefaad48000 r-xp 00000000 08:08 1185143                    /lib/x86_64-linux-gnu/librt-2.19.so
7fefaad48000-7fefaaf47000 ---p 00007000 08:08 1185143                    /lib/x86_64-linux-gnu/librt-2.19.so
7fefaaf47000-7fefaaf48000 r--p 00006000 08:08 1185143                    /lib/x86_64-linux-gnu/librt-2.19.so
7fefaaf48000-7fefaaf49000 rw-p 00007000 08:08 1185143                    /lib/x86_64-linux-gnu/librt-2.19.so
7fefaaf49000-7fefaaf5f000 r-xp 00000000 08:08 1183756                    /lib/x86_64-linux-gnu/libgcc_s.so.1
7fefaaf5f000-7fefab15e000 ---p 00016000 08:08 1183756                    /lib/x86_64-linux-gnu/libgcc_s.so.1
7fefab15e000-7fefab15f000 rw-p 00015000 08:08 1183756                    /lib/x86_64-linux-gnu/libgcc_s.so.1
7fefab15f000-7fefab264000 r-xp 00000000 08:08 1185074                    /lib/x86_64-linux-gnu/libm-2.19.so
7fefab264000-7fefab463000 ---p 00105000 08:08 1185074                    /lib/x86_64-linux-gnu/libm-2.19.so
7fefab463000-7fefab464000 r--p 00104000 08:08 1185074                    /lib/x86_64-linux-gnu/libm-2.19.so
7fefab464000-7fefab465000 rw-p 00105000 08:08 1185074                    /lib/x86_64-linux-gnu/libm-2.19.so
7fefab465000-7fefab54b000 r-xp 00000000 08:08 1443227                    /usr/lib/x86_64-linux-gnu/libstdc++.so.6.0.19
7fefab54b000-7fefab74a000 ---p 000e6000 08:08 1443227                    /usr/lib/x86_64-linux-gnu/libstdc++.so.6.0.19
7fefab74a000-7fefab752000 r--p 000e5000 08:08 1443227                    /usr/lib/x86_64-linux-gnu/libstdc++.so.6.0.19
7fefab752000-7fefab754000 rw-p 000ed000 08:08 1443227                    /usr/lib/x86_64-linux-gnu/libstdc++.so.6.0.19
7fefab754000-7fefab769000 rw-p 00000000 00:00 0 
7fefab769000-7fefac281000 r-xp 00000000 08:08 1713189                    /usr/lib/jvm/java-7-openjdk-amd64/jre/lib/amd64/server/libjvm.so
7fefac281000-7fefac481000 ---p 00b18000 08:08 1713189                    /usr/lib/jvm/java-7-openjdk-amd64/jre/lib/amd64/server/libjvm.so
7fefac481000-7fefac51b000 r--p 00b18000 08:08 1713189                    /usr/lib/jvm/java-7-openjdk-amd64/jre/lib/amd64/server/libjvm.so
7fefac51b000-7fefac53e000 rw-p 00bb2000 08:08 1713189                    /usr/lib/jvm/java-7-openjdk-amd64/jre/lib/amd64/server/libjvm.so
7fefac53e000-7fefac56c000 rw-p 00000000 00:00 0 
7fefac56c000-7fefac584000 r-xp 00000000 08:08 1184049                    /lib/x86_64-linux-gnu/libz.so.1.2.8
7fefac584000-7fefac783000 ---p 00018000 08:08 1184049                    /lib/x86_64-linux-gnu/libz.so.1.2.8
7fefac783000-7fefac784000 r--p 00017000 08:08 1184049                    /lib/x86_64-linux-gnu/libz.so.1.2.8
7fefac784000-7fefac785000 rw-p 00018000 08:08 1184049                    /lib/x86_64-linux-gnu/libz.so.1.2.8
7fefac785000-7fefac79e000 r-xp 00000000 08:08 1185141                    /lib/x86_64-linux-gnu/libpthread-2.19.so
7fefac79e000-7fefac99d000 ---p 00019000 08:08 1185141                    /lib/x86_64-linux-gnu/libpthread-2.19.so
7fefac99d000-7fefac99e000 r--p 00018000 08:08 1185141                    /lib/x86_64-linux-gnu/libpthread-2.19.so
7fefac99e000-7fefac99f000 rw-p 00019000 08:08 1185141                    /lib/x86_64-linux-gnu/libpthread-2.19.so
7fefac99f000-7fefac9a3000 rw-p 00000000 00:00 0 
7fefac9a3000-7fefac9a6000 r-xp 00000000 08:08 1185115                    /lib/x86_64-linux-gnu/libdl-2.19.so
7fefac9a6000-7fefacba5000 ---p 00003000 08:08 1185115                    /lib/x86_64-linux-gnu/libdl-2.19.so
7fefacba5000-7fefacba6000 r--p 00002000 08:08 1185115                    /lib/x86_64-linux-gnu/libdl-2.19.so
7fefacba6000-7fefacba7000 rw-p 00003000 08:08 1185115                    /lib/x86_64-linux-gnu/libdl-2.19.so
7fefacba7000-7fefacd62000 r-xp 00000000 08:08 1185140                    /lib/x86_64-linux-gnu/libc-2.19.so
7fefacd62000-7fefacf61000 ---p 001bb000 08:08 1185140                    /lib/x86_64-linux-gnu/libc-2.19.so
7fefacf61000-7fefacf65000 r--p 001ba000 08:08 1185140                    /lib/x86_64-linux-gnu/libc-2.19.so
7fefacf65000-7fefacf67000 rw-p 001be000 08:08 1185140                    /lib/x86_64-linux-gnu/libc-2.19.so
7fefacf67000-7fefacf6c000 rw-p 00000000 00:00 0 
7fefacf6c000-7fefacf79000 r-xp 00000000 08:08 1712305                    /usr/lib/jvm/java-7-openjdk-amd64/jre/lib/amd64/jli/libjli.so
7fefacf79000-7fefad178000 ---p 0000d000 08:08 1712305                    /usr/lib/jvm/java-7-openjdk-amd64/jre/lib/amd64/jli/libjli.so
7fefad178000-7fefad179000 r--p 0000c000 08:08 1712305                    /usr/lib/jvm/java-7-openjdk-amd64/jre/lib/amd64/jli/libjli.so
7fefad179000-7fefad17a000 rw-p 0000d000 08:08 1712305                    /usr/lib/jvm/java-7-openjdk-amd64/jre/lib/amd64/jli/libjli.so
7fefad17a000-7fefad19d000 r-xp 00000000 08:08 1185136                    /lib/x86_64-linux-gnu/ld-2.19.so
7fefad1a7000-7fefad1a8000 rw-p 00000000 00:00 0 
7fefad1a8000-7fefad1ab000 r--s 00086000 08:08 1846014                    /usr/lib/jvm/java-7-openjdk-amd64/jre/lib/ext/localedata.jar
7fefad1ab000-7fefad1ac000 r--s 00002000 08:08 1846012                    /usr/lib/jvm/java-7-openjdk-amd64/jre/lib/ext/dnsns.jar
7fefad1ac000-7fefad1ae000 r--s 0000d000 08:08 1872615                    /usr/lib/jvm/java-7-openjdk-amd64/jre/lib/ext/RXTXcomm.jar
7fefad1ae000-7fefad1b0000 r--s 00006000 08:08 1724750                    /usr/share/java/java-atk-wrapper.jar
7fefad1b0000-7fefad1b4000 r--s 00034000 08:08 1846015                    /usr/lib/jvm/java-7-openjdk-amd64/jre/lib/ext/sunjce_provider.jar
7fefad1b4000-7fefad1b7000 r--s 0000f000 08:08 1846011                    /usr/lib/jvm/java-7-openjdk-amd64/jre/lib/ext/icedtea-sound.jar
7fefad1b7000-7fefad214000 rw-p 00000000 00:00 0 
7fefad214000-7fefad25c000 rw-p 00000000 00:00 0 
7fefad25c000-7fefad25f000 ---p 00000000 00:00 0 
7fefad25f000-7fefad361000 rw-p 00000000 00:00 0                          [stack:15262]
7fefad361000-7fefad363000 r--s 00012000 08:08 1846016                    /usr/lib/jvm/java-7-openjdk-amd64/jre/lib/ext/zipfs.jar
7fefad363000-7fefad367000 r--s 0003c000 08:08 1846013                    /usr/lib/jvm/java-7-openjdk-amd64/jre/lib/ext/sunpkcs11.jar
7fefad367000-7fefad38f000 rw-p 00000000 00:00 0 
7fefad38f000-7fefad397000 rw-s 00000000 08:08 1325999                    /tmp/hsperfdata_nburn42/15261
7fefad397000-7fefad398000 rw-p 00000000 00:00 0 
7fefad398000-7fefad399000 r--p 00000000 00:00 0 
7fefad399000-7fefad39c000 rw-p 00000000 00:00 0 
7fefad39c000-7fefad39d000 r--p 00022000 08:08 1185136                    /lib/x86_64-linux-gnu/ld-2.19.so
7fefad39d000-7fefad39e000 rw-p 00023000 08:08 1185136                    /lib/x86_64-linux-gnu/ld-2.19.so
7fefad39e000-7fefad39f000 rw-p 00000000 00:00 0 
7ffe6135d000-7ffe6137f000 rw-p 00000000 00:00 0                          [stack]
7ffe613ca000-7ffe613cc000 r-xp 00000000 00:00 0                          [vdso]
ffffffffff600000-ffffffffff601000 r-xp 00000000 00:00 0                  [vsyscall]

VM Arguments:
java_command: SerialTest
Launcher Type: SUN_STANDARD

Environment Variables:
JAVA_HOME=/usr/local/java/jdk1.8.0_25
PATH=/opt/ros/indigo/bin:/home/nburn42/torch/install/bin:/home/nburn42/Apps/google-cloud-sdk/bin:/usr/local/apache-maven/apache-maven-3.3.1/bin:/home/nburn42/torch/install/bin:/opt/OpenPrinting-Gutenprint/sbin:/opt/OpenPrinting-Gutenprint/bin:/usr/local/sbin:/usr/local/bin:/usr/sbin:/usr/bin:/sbin:/bin:/usr/games:/usr/local/games:/home/nburn42/bin:/usr/local/java/jdk1.8.0_25/bin:/home/nburn42/Apps/firefox:/home/nburn42/Apps/eclipse:/home/nburn42/Apps/appengine-java-sdk/bin:/home/nburn42/Apps/google_appengine:/home/nburn42/Apps/android-studio/bin:/home/nburn42/Apps/intellij/bin:/home/nburn42/Apps/dart:/home/nburn42/Apps/dart/dart-sdk/bin:/home/nburn42/Apps/idea-IC-141.178.9/bin:/home/nburn42/Apps/Eagle/bin:/home/nburn42/Apps/EagleParts/Bom-ex:/home/nburn42/Apps/dartTools/depot_tools:/home/nburn42/Apps/arduino-1.6.4:/usr/local/go/bin:/home/nburn42/Apps/idea-IC-141.178.9/bin:/home/nburn42/Apps/bin:/home/nburn42/Apps/google-cloud-sdk/platform/google_appengine
LD_LIBRARY_PATH=/usr/local/cuda-7.0/lib64:/opt/ros/indigo/lib:/opt/ros/indigo/lib/x86_64-linux-gnu:/home/nburn42/torch/install/lib::/opt/ros/indigo/lib/python2.7/dist-packages
SHELL=/bin/bash
DISPLAY=:0
DYLD_LIBRARY_PATH=/home/nburn42/torch/install/lib:/home/nburn42/torch/install/lib:

Signal Handlers:
SIGSEGV: [libjvm.so+0x94b9a0], sa_mask[0]=0x7ffbfeff, sa_flags=0x10000004
SIGBUS: [libjvm.so+0x94b9a0], sa_mask[0]=0x7ffbfeff, sa_flags=0x10000004
SIGFPE: [libjvm.so+0x7c3880], sa_mask[0]=0x7ffbfeff, sa_flags=0x10000004
SIGPIPE: [libjvm.so+0x7c3880], sa_mask[0]=0x7ffbfeff, sa_flags=0x10000004
SIGXFSZ: [libjvm.so+0x7c3880], sa_mask[0]=0x7ffbfeff, sa_flags=0x10000004
SIGILL: [libjvm.so+0x7c3880], sa_mask[0]=0x7ffbfeff, sa_flags=0x10000004
SIGUSR1: SIG_DFL, sa_mask[0]=0x00000000, sa_flags=0x00000000
SIGUSR2: [libjvm.so+0x7c3720], sa_mask[0]=0x00000000, sa_flags=0x10000004
SIGHUP: [libjvm.so+0x7c3900], sa_mask[0]=0x7ffbfeff, sa_flags=0x10000004
SIGINT: [libjvm.so+0x7c3900], sa_mask[0]=0x7ffbfeff, sa_flags=0x10000004
SIGTERM: [libjvm.so+0x7c3900], sa_mask[0]=0x7ffbfeff, sa_flags=0x10000004
SIGQUIT: [libjvm.so+0x7c3900], sa_mask[0]=0x7ffbfeff, sa_flags=0x10000004
SIGTRAP: SIG_DFL, sa_mask[0]=0x00000000, sa_flags=0x00000000


---------------  S Y S T E M  ---------------

OS:Ubuntu 14.04 (trusty)
uname:Linux 3.13.0-52-generic #86-Ubuntu SMP Mon May 4 04:32:59 UTC 2015 x86_64
libc:glibc 2.19 NPTL 2.19 
rlimit: STACK 8192k, CORE 0k, NPROC 127432, NOFILE 4096, AS infinity
load average:0.70 0.49 0.54

/proc/meminfo:
MemTotal:       16341944 kB
MemFree:         7456956 kB
Buffers:          719876 kB
Cached:          3197300 kB
SwapCached:            0 kB
Active:          5485960 kB
Inactive:        2718776 kB
Active(anon):    4290876 kB
Inactive(anon):   299808 kB
Active(file):    1195084 kB
Inactive(file):  2418968 kB
Unevictable:          32 kB
Mlocked:              32 kB
SwapTotal:      15999996 kB
SwapFree:       15999996 kB
Dirty:                32 kB
Writeback:             0 kB
AnonPages:       4287492 kB
Mapped:           409456 kB
Shmem:            303132 kB
Slab:             457744 kB
SReclaimable:     412912 kB
SUnreclaim:        44832 kB
KernelStack:        6800 kB
PageTables:        65576 kB
NFS_Unstable:          0 kB
Bounce:                0 kB
WritebackTmp:          0 kB
CommitLimit:    24170968 kB
Committed_AS:   13283908 kB
VmallocTotal:   34359738367 kB
VmallocUsed:      573480 kB
VmallocChunk:   34359140388 kB
HardwareCorrupted:     0 kB
AnonHugePages:   1644544 kB
HugePages_Total:       0
HugePages_Free:        0
HugePages_Rsvd:        0
HugePages_Surp:        0
Hugepagesize:       2048 kB
DirectMap4k:      113404 kB
DirectMap2M:    16572416 kB


CPU:total 4 (2 cores per cpu, 2 threads per core) family 6 model 42 stepping 7, cmov, cx8, fxsr, mmx, sse, sse2, sse3, ssse3, sse4.1, sse4.2, popcnt, avx, aes, ht, tsc, tscinvbit

/proc/cpuinfo:
processor	: 0
vendor_id	: GenuineIntel
cpu family	: 6
model		: 42
model name	: Intel(R) Core(TM) i5-2520M CPU @ 2.50GHz
stepping	: 7
microcode	: 0x14
cpu MHz		: 800.000
cache size	: 3072 KB
physical id	: 0
siblings	: 4
core id		: 0
cpu cores	: 2
apicid		: 0
initial apicid	: 0
fpu		: yes
fpu_exception	: yes
cpuid level	: 13
wp		: yes
flags		: fpu vme de pse tsc msr pae mce cx8 apic sep mtrr pge mca cmov pat pse36 clflush dts acpi mmx fxsr sse sse2 ss ht tm pbe syscall nx rdtscp lm constant_tsc arch_perfmon pebs bts rep_good nopl xtopology nonstop_tsc aperfmperf eagerfpu pni pclmulqdq dtes64 monitor ds_cpl vmx smx est tm2 ssse3 cx16 xtpr pdcm pcid sse4_1 sse4_2 x2apic popcnt tsc_deadline_timer aes xsave avx lahf_lm ida arat epb xsaveopt pln pts dtherm tpr_shadow vnmi flexpriority ept vpid
bogomips	: 4988.99
clflush size	: 64
cache_alignment	: 64
address sizes	: 36 bits physical, 48 bits virtual
power management:

processor	: 1
vendor_id	: GenuineIntel
cpu family	: 6
model		: 42
model name	: Intel(R) Core(TM) i5-2520M CPU @ 2.50GHz
stepping	: 7
microcode	: 0x14
cpu MHz		: 800.000
cache size	: 3072 KB
physical id	: 0
siblings	: 4
core id		: 0
cpu cores	: 2
apicid		: 1
initial apicid	: 1
fpu		: yes
fpu_exception	: yes
cpuid level	: 13
wp		: yes
flags		: fpu vme de pse tsc msr pae mce cx8 apic sep mtrr pge mca cmov pat pse36 clflush dts acpi mmx fxsr sse sse2 ss ht tm pbe syscall nx rdtscp lm constant_tsc arch_perfmon pebs bts rep_good nopl xtopology nonstop_tsc aperfmperf eagerfpu pni pclmulqdq dtes64 monitor ds_cpl vmx smx est tm2 ssse3 cx16 xtpr pdcm pcid sse4_1 sse4_2 x2apic popcnt tsc_deadline_timer aes xsave avx lahf_lm ida arat epb xsaveopt pln pts dtherm tpr_shadow vnmi flexpriority ept vpid
bogomips	: 4988.99
clflush size	: 64
cache_alignment	: 64
address sizes	: 36 bits physical, 48 bits virtual
power management:

processor	: 2
vendor_id	: GenuineIntel
cpu family	: 6
model		: 42
model name	: Intel(R) Core(TM) i5-2520M CPU @ 2.50GHz
stepping	: 7
microcode	: 0x14
cpu MHz		: 800.000
cache size	: 3072 KB
physical id	: 0
siblings	: 4
core id		: 1
cpu cores	: 2
apicid		: 2
initial apicid	: 2
fpu		: yes
fpu_exception	: yes
cpuid level	: 13
wp		: yes
flags		: fpu vme de pse tsc msr pae mce cx8 apic sep mtrr pge mca cmov pat pse36 clflush dts acpi mmx fxsr sse sse2 ss ht tm pbe syscall nx rdtscp lm constant_tsc arch_perfmon pebs bts rep_good nopl xtopology nonstop_tsc aperfmperf eagerfpu pni pclmulqdq dtes64 monitor ds_cpl vmx smx est tm2 ssse3 cx16 xtpr pdcm pcid sse4_1 sse4_2 x2apic popcnt tsc_deadline_timer aes xsave avx lahf_lm ida arat epb xsaveopt pln pts dtherm tpr_shadow vnmi flexpriority ept vpid
bogomips	: 4988.99
clflush size	: 64
cache_alignment	: 64
address sizes	: 36 bits physical, 48 bits virtual
power management:

processor	: 3
vendor_id	: GenuineIntel
cpu family	: 6
model		: 42
model name	: Intel(R) Core(TM) i5-2520M CPU @ 2.50GHz
stepping	: 7
microcode	: 0x14
cpu MHz		: 2501.000
cache size	: 3072 KB
physical id	: 0
siblings	: 4
core id		: 1
cpu cores	: 2
apicid		: 3
initial apicid	: 3
fpu		: yes
fpu_exception	: yes
cpuid level	: 13
wp		: yes
flags		: fpu vme de pse tsc msr pae mce cx8 apic sep mtrr pge mca cmov pat pse36 clflush dts acpi mmx fxsr sse sse2 ss ht tm pbe syscall nx rdtscp lm constant_tsc arch_perfmon pebs bts rep_good nopl xtopology nonstop_tsc aperfmperf eagerfpu pni pclmulqdq dtes64 monitor ds_cpl vmx smx est tm2 ssse3 cx16 xtpr pdcm pcid sse4_1 sse4_2 x2apic popcnt tsc_deadline_timer aes xsave avx lahf_lm ida arat epb xsaveopt pln pts dtherm tpr_shadow vnmi flexpriority ept vpid
bogomips	: 4988.99
clflush size	: 64
cache_alignment	: 64
address sizes	: 36 bits physical, 48 bits virtual
power management:



Memory: 4k page, physical 16341944k(7456956k free), swap 15999996k(15999996k free)

vm_info: OpenJDK 64-Bit Server VM (24.79-b02) for linux-amd64 JRE (1.7.0_79-b14), built on Apr 16 2015 08:21:58 by "buildd" with gcc 4.8.2

time: Fri Feb  5 18:19:11 2016
elapsed time: 0 seconds

