#
# A fatal error has been detected by the Java Runtime Environment:
#
#  SIGSEGV (0xb) at pc=0x00007fdc83413462, pid=15342, tid=140585071593216
#
# JRE version: OpenJDK Runtime Environment (7.0_79-b14) (build 1.7.0_79-b14)
# Java VM: OpenJDK 64-Bit Server VM (24.79-b02 mixed mode linux-amd64 compressed oops)
# Derivative: IcedTea 2.5.5
# Distribution: Ubuntu 14.04 LTS, package 7u79-2.5.5-0ubuntu0.14.04.2
# Problematic frame:
# C  [librxtxSerial.so+0x6462]  read_byte_array+0x52
#
# Core dump written. Default location: /home/nburn42/Projects/EEG/ADS1299TEST1/src/core or core.15342
#
# If you would like to submit a bug report, please include
# instructions on how to reproduce the bug and visit:
#   http://icedtea.classpath.org/bugzilla
# The crash happened outside the Java Virtual Machine in native code.
# See problematic frame for where to report the bug.
#

---------------  T H R E A D  ---------------

Current thread (0x00007fdc8c136800):  JavaThread "Thread-0" [_thread_in_native, id=15356, stack(0x00007fdc8330c000,0x00007fdc8340d000)]

siginfo:si_signo=SIGSEGV: si_errno=0, si_code=1 (SEGV_MAPERR), si_addr=0xffffffff8340b7b8

Registers:
RAX=0xffffffff8340b7b0, RBX=0xffffffffffffffff, RCX=0x0000000000000001, RDX=0x00007fdc9488de40
RSP=0x00007fdc8340aba0, RBP=0x00007fdc8c1369d8, RSI=0x00007fdc83416e30, RDI=0x00007fdc83416d3e
R8 =0x00000006fc6d99f0, R9 =0x00000007acebfb60, R10=0x0000000000000000, R11=0x00007fdc94892864
R12=0x00000000ffffffff, R13=0x0000000000000000, R14=0x000000000000000c, R15=0x0000000000000000
RIP=0x00007fdc83413462, EFLAGS=0x0000000000010202, CSGSFS=0x0000000000000033, ERR=0x0000000000000005
  TRAPNO=0x000000000000000e

Top of Stack: (sp=0x00007fdc8340aba0)
0x00007fdc8340aba0:   00007fdc8340ded0 00007fdc8c10faf0
0x00007fdc8340abb0:   0000000000000000 00000006fc6e3fa8
0x00007fdc8340abc0:   00007fdc90774ec0 ffffffff8340b7b0
0x00007fdc8340abd0:   00007fdc8340ac10 0000000000000000
0x00007fdc8340abe0:   0000000000000000 0000000700000000
0x00007fdc8340abf0:   00007fdc3c001140 0000000c00002000
0x00007fdc8340ac00:   0000000000000000 00007fdc83519830
0x00007fdc8340ac10:   0000000000000000 0000000000000007
0x00007fdc8340ac20:   000000000000000c 0000000000000000
0x00007fdc8340ac30:   00007fdc8c1369d8 00007fdc954ca557
0x00007fdc8340ac40:   0000000000000005 0000000000000000
0x00007fdc8340ac50:   00007fdc8c136800 00007fdc8340ded0
0x00007fdc8340ac60:   ffffffffffffffff 00007fdc8c1369d8
0x00007fdc8340ac70:   00007fdc3c001140 00007fdc954d1515
0x00007fdc8340ac80:   00007fdc3c001140 00007fdc3c001140
0x00007fdc8340ac90:   000000000000000c ffffffffffffffff
0x00007fdc8340aca0:   00007fdc8c1369d8 00007fdc3c001140
0x00007fdc8340acb0:   0000000000000007 000000000000000c
0x00007fdc8340acc0:   0000000000000000 00007fdc834138a1
0x00007fdc8340acd0:   00007fdc8c136800 00007fdc8340adb8
0x00007fdc8340ace0:   00007fdc8340adc0 00000006fc6dc8b0
0x00007fdc8340acf0:   00007fdc8340ad88 0000000000000000
0x00007fdc8340ad00:   00000006fc6dc8a8 00007fdc8340adc0
0x00007fdc8340ad10:   00007fdc8c136800 00007fdc89012d98
0x00007fdc8340ad20:   00007fdc8c1372f8 00007fdc8c137308
0x00007fdc8340ad30:   00007fdc8c137310 00007fdc8c137310
0x00007fdc8340ad40:   00007fdcfffffffe 00007fdc8340ad48
0x00007fdc8340ad50:   00000006fc6dc8a8 00007fdc8340adc0
0x00007fdc8340ad60:   00000006fc6f7848 0000000000000000
0x00007fdc8340ad70:   00000006fc6dc8b0 0000000000000000
0x00007fdc8340ad80:   00007fdc8340ada8 00007fdc8340ae18
0x00007fdc8340ad90:   00007fdc890061d4 0000000000000000 

Instructions: (pc=0x00007fdc83413462)
0x00007fdc83413442:   89 44 24 4c 48 c7 44 24 40 00 00 00 00 48 c7 44
0x00007fdc83413452:   24 38 00 00 00 00 e8 53 d7 ff ff 48 89 44 24 28
0x00007fdc83413462:   8b 40 08 45 85 e4 48 8b 54 24 28 44 8b 7c 24 4c
0x00007fdc83413472:   89 44 24 34 c7 42 08 00 00 00 00 78 0c 31 c0 e8 

Register to memory mapping:

RAX=0xffffffff8340b7b0 is an unknown value
RBX=0xffffffffffffffff is an unknown value
RCX=0x0000000000000001 is an unknown value
RDX=0x00007fdc9488de40: <offset 0xde3e40> in /usr/lib/jvm/java-7-openjdk-amd64/jre/lib/amd64/server/libjvm.so at 0x00007fdc93aaa000
RSP=0x00007fdc8340aba0 is pointing into the stack for thread: 0x00007fdc8c136800
RBP=0x00007fdc8c1369d8 is an unknown value
RSI=0x00007fdc83416e30: <offset 0x9e30> in /usr/lib/jvm/java-7-openjdk-amd64/jre/lib/amd64/librxtxSerial.so at 0x00007fdc8340d000
RDI=0x00007fdc83416d3e: <offset 0x9d3e> in /usr/lib/jvm/java-7-openjdk-amd64/jre/lib/amd64/librxtxSerial.so at 0x00007fdc8340d000
R8 =0x00000006fc6d99f0 is an oop
[S 
 - klass: {type array short}
 - length: 174
R9 =0x00000007acebfb60 is an oop
gnu.io.RXTXPort 
 - klass: 'gnu/io/RXTXPort'
R10=0x0000000000000000 is an unknown value
R11=0x00007fdc94892864: <offset 0xde8864> in /usr/lib/jvm/java-7-openjdk-amd64/jre/lib/amd64/server/libjvm.so at 0x00007fdc93aaa000
R12=0x00000000ffffffff is an unknown value
R13=0x0000000000000000 is an unknown value
R14=0x000000000000000c is an unknown value
R15=0x0000000000000000 is an unknown value


Stack: [0x00007fdc8330c000,0x00007fdc8340d000],  sp=0x00007fdc8340aba0,  free space=1018k
Native frames: (J=compiled Java code, j=interpreted, Vv=VM code, C=native code)
C  [librxtxSerial.so+0x6462]  read_byte_array+0x52

Java frames: (J=compiled Java code, j=interpreted, Vv=VM code)
j  gnu.io.RXTXPort.readArray([BII)I+0
j  gnu.io.RXTXPort$SerialInputStream.read([BII)I+187
j  sun.nio.cs.StreamDecoder.readBytes()I+135
j  sun.nio.cs.StreamDecoder.implRead([CII)I+112
j  sun.nio.cs.StreamDecoder.read([CII)I+180
j  java.io.InputStreamReader.read([CII)I+7
j  java.io.BufferedReader.fill()V+145
j  java.io.BufferedReader.readLine(Z)Ljava/lang/String;+44
j  java.io.BufferedReader.readLine()Ljava/lang/String;+2
j  SerialTest.serialEvent(Lgnu/io/SerialPortEvent;)V+12
j  gnu.io.RXTXPort.sendEvent(IZ)Z+382
v  ~StubRoutines::call_stub
j  gnu.io.RXTXPort.eventLoop()V+0
j  gnu.io.RXTXPort$MonitorThread.run()V+12
v  ~StubRoutines::call_stub

---------------  P R O C E S S  ---------------

Java Threads: ( => current thread )
  0x00007fdc8c00a000 JavaThread "DestroyJavaVM" [_thread_blocked, id=15343, stack(0x00007fdc9559d000,0x00007fdc9569e000)]
  0x00007fdc8c135800 JavaThread "Thread-1" [_thread_blocked, id=15357, stack(0x00007fdc8320b000,0x00007fdc8330c000)]
=>0x00007fdc8c136800 JavaThread "Thread-0" [_thread_in_native, id=15356, stack(0x00007fdc8330c000,0x00007fdc8340d000)]
  0x00007fdc8c0ae800 JavaThread "Service Thread" daemon [_thread_blocked, id=15354, stack(0x00007fdc8361b000,0x00007fdc8371c000)]
  0x00007fdc8c0ac000 JavaThread "C2 CompilerThread1" daemon [_thread_blocked, id=15353, stack(0x00007fdc8371c000,0x00007fdc8381d000)]
  0x00007fdc8c0a9000 JavaThread "C2 CompilerThread0" daemon [_thread_blocked, id=15352, stack(0x00007fdc8381d000,0x00007fdc8391e000)]
  0x00007fdc8c0a7000 JavaThread "Signal Dispatcher" daemon [_thread_blocked, id=15351, stack(0x00007fdc880f1000,0x00007fdc881f2000)]
  0x00007fdc8c07c000 JavaThread "Finalizer" daemon [_thread_blocked, id=15350, stack(0x00007fdc881f2000,0x00007fdc882f3000)]
  0x00007fdc8c07a000 JavaThread "Reference Handler" daemon [_thread_blocked, id=15349, stack(0x00007fdc882f3000,0x00007fdc883f4000)]

Other Threads:
  0x00007fdc8c075800 VMThread [stack: 0x00007fdc883f4000,0x00007fdc884f5000] [id=15348]
  0x00007fdc8c0b9000 WatcherThread [stack: 0x00007fdc8351a000,0x00007fdc8361b000] [id=15355]

VM state:not at safepoint (normal execution)

VM Mutex/Monitor currently owned by a thread: None

Heap
 PSYoungGen      total 75264K, used 5202K [0x00000007ace00000, 0x00000007b2180000, 0x0000000800000000)
  eden space 65024K, 8% used [0x00000007ace00000,0x00000007ad314918,0x00000007b0d80000)
  from space 10240K, 0% used [0x00000007b1780000,0x00000007b1780000,0x00000007b2180000)
  to   space 10240K, 0% used [0x00000007b0d80000,0x00000007b0d80000,0x00000007b1780000)
 ParOldGen       total 169984K, used 0K [0x0000000706a00000, 0x0000000711000000, 0x00000007ace00000)
  object space 169984K, 0% used [0x0000000706a00000,0x0000000706a00000,0x0000000711000000)
 PSPermGen       total 21504K, used 3111K [0x00000006fc400000, 0x00000006fd900000, 0x0000000706a00000)
  object space 21504K, 14% used [0x00000006fc400000,0x00000006fc709d10,0x00000006fd900000)

Card table byte_map: [0x00007fdc9191e000,0x00007fdc9213d000] byte_map_base: 0x00007fdc8e13c000

Polling page: 0x00007fdc956d9000

Code Cache  [0x00007fdc89000000, 0x00007fdc89270000, 0x00007fdc8c000000)
 total_blobs=184 nmethods=1 adapters=137 free_code_cache=48768Kb largest_free_block=49921856

Compilation events (2 events):
Event: 0.105 Thread 0x00007fdc8c0a9000    1             java.lang.String::indexOf (70 bytes)
Event: 0.116 Thread 0x00007fdc8c0a9000 nmethod 1 0x00007fdc89060c50 code [0x00007fdc89060da0, 0x00007fdc89060f48]

GC Heap History (0 events):
No events

Deoptimization events (0 events):
No events

Internal exceptions (10 events):
Event: 0.040 Thread 0x00007fdc8c00a000 Threw 0x00000007ace0f128 at /build/buildd/openjdk-7-7u79-2.5.5/build/openjdk/hotspot/src/share/vm/prims/jni.cpp:3995
Event: 0.071 Thread 0x00007fdc8c00a000 Threw 0x00000007ace480d0 at /build/buildd/openjdk-7-7u79-2.5.5/build/openjdk/hotspot/src/share/vm/prims/jni.cpp:721
Event: 0.071 Thread 0x00007fdc8c00a000 Threw 0x00000007ace48250 at /build/buildd/openjdk-7-7u79-2.5.5/build/openjdk/hotspot/src/share/vm/prims/jvm.cpp:1284
Event: 0.072 Thread 0x00007fdc8c00a000 Threw 0x00000007ace48378 at /build/buildd/openjdk-7-7u79-2.5.5/build/openjdk/hotspot/src/share/vm/prims/jvm.cpp:1284
Event: 0.072 Thread 0x00007fdc8c00a000 Threw 0x00000007ace4b3f0 at /build/buildd/openjdk-7-7u79-2.5.5/build/openjdk/hotspot/src/share/vm/prims/jvm.cpp:1284
Event: 0.078 Thread 0x00007fdc8c00a000 Threw 0x00000007ace57ea8 at /build/buildd/openjdk-7-7u79-2.5.5/build/openjdk/hotspot/src/share/vm/prims/jvm.cpp:1284
Event: 0.085 Thread 0x00007fdc8c00a000 Threw 0x00000007ace8e128 at /build/buildd/openjdk-7-7u79-2.5.5/build/openjdk/hotspot/src/share/vm/prims/jni.cpp:721
Event: 0.089 Thread 0x00007fdc8c00a000 Threw 0x00000007ace8f250 at /build/buildd/openjdk-7-7u79-2.5.5/build/openjdk/hotspot/src/share/vm/prims/jni.cpp:721
Event: 0.092 Thread 0x00007fdc8c00a000 Threw 0x00000007acea06f8 at /build/buildd/openjdk-7-7u79-2.5.5/build/openjdk/hotspot/src/share/vm/prims/jni.cpp:721
Event: 0.096 Thread 0x00007fdc8c00a000 Threw 0x00000007acea1600 at /build/buildd/openjdk-7-7u79-2.5.5/build/openjdk/hotspot/src/share/vm/prims/jni.cpp:721

Events (10 events):
Event: 0.108 loading class 0x00007fdc8c139450
Event: 0.108 loading class 0x00007fdc8c139450 done
Event: 0.109 Thread 0x00007fdc8c136800 Thread added: 0x00007fdc8c136800
Event: 0.115 loading class 0x00007fdc9076f810
Event: 0.115 loading class 0x00007fdc9076f810 done
Event: 0.116 loading class 0x00007fdc8c0c4730
Event: 0.116 loading class 0x00007fdc8c0c4730 done
Event: 0.117 Thread 0x00007fdc8c135800 Thread added: 0x00007fdc8c135800
Event: 0.118 Thread 0x00007fdc8c00a000 Thread exited: 0x00007fdc8c00a000
Event: 0.118 Thread 0x00007fdc8c00a000 Thread added: 0x00007fdc8c00a000


Dynamic libraries:
00400000-00401000 r-xp 00000000 08:08 1982955                            /usr/lib/jvm/java-7-openjdk-amd64/jre/bin/java
00600000-00601000 r--p 00000000 08:08 1982955                            /usr/lib/jvm/java-7-openjdk-amd64/jre/bin/java
00601000-00602000 rw-p 00001000 08:08 1982955                            /usr/lib/jvm/java-7-openjdk-amd64/jre/bin/java
0255f000-02580000 rw-p 00000000 00:00 0                                  [heap]
6fc400000-6fd900000 rw-p 00000000 00:00 0 
6fd900000-706a00000 rw-p 00000000 00:00 0 
706a00000-711000000 rw-p 00000000 00:00 0 
711000000-7ace00000 rw-p 00000000 00:00 0 
7ace00000-7b2180000 rw-p 00000000 00:00 0 
7b2180000-800000000 rw-p 00000000 00:00 0 
7fdc3c000000-7fdc3c021000 rw-p 00000000 00:00 0 
7fdc3c021000-7fdc40000000 ---p 00000000 00:00 0 
7fdc40000000-7fdc40021000 rw-p 00000000 00:00 0 
7fdc40021000-7fdc44000000 ---p 00000000 00:00 0 
7fdc44000000-7fdc44021000 rw-p 00000000 00:00 0 
7fdc44021000-7fdc48000000 ---p 00000000 00:00 0 
7fdc48000000-7fdc48021000 rw-p 00000000 00:00 0 
7fdc48021000-7fdc4c000000 ---p 00000000 00:00 0 
7fdc4c000000-7fdc4c056000 rw-p 00000000 00:00 0 
7fdc4c056000-7fdc50000000 ---p 00000000 00:00 0 
7fdc50000000-7fdc50021000 rw-p 00000000 00:00 0 
7fdc50021000-7fdc54000000 ---p 00000000 00:00 0 
7fdc54000000-7fdc54021000 rw-p 00000000 00:00 0 
7fdc54021000-7fdc58000000 ---p 00000000 00:00 0 
7fdc58000000-7fdc58021000 rw-p 00000000 00:00 0 
7fdc58021000-7fdc5c000000 ---p 00000000 00:00 0 
7fdc5c000000-7fdc5c021000 rw-p 00000000 00:00 0 
7fdc5c021000-7fdc60000000 ---p 00000000 00:00 0 
7fdc63e20000-7fdc6c000000 rw-p 00000000 00:00 0 
7fdc6c000000-7fdc6c021000 rw-p 00000000 00:00 0 
7fdc6c021000-7fdc70000000 ---p 00000000 00:00 0 
7fdc70000000-7fdc70021000 rw-p 00000000 00:00 0 
7fdc70021000-7fdc74000000 ---p 00000000 00:00 0 
7fdc74000000-7fdc74021000 rw-p 00000000 00:00 0 
7fdc74021000-7fdc78000000 ---p 00000000 00:00 0 
7fdc7c000000-7fdc7c021000 rw-p 00000000 00:00 0 
7fdc7c021000-7fdc80000000 ---p 00000000 00:00 0 
7fdc8320b000-7fdc8320e000 ---p 00000000 00:00 0 
7fdc8320e000-7fdc8330c000 rw-p 00000000 00:00 0                          [stack:15357]
7fdc8330c000-7fdc8330f000 ---p 00000000 00:00 0 
7fdc8330f000-7fdc8340d000 rw-p 00000000 00:00 0                          [stack:15356]
7fdc8340d000-7fdc83419000 r-xp 00000000 08:08 1741075                    /usr/lib/jvm/java-7-openjdk-amd64/jre/lib/amd64/librxtxSerial.so
7fdc83419000-7fdc83518000 ---p 0000c000 08:08 1741075                    /usr/lib/jvm/java-7-openjdk-amd64/jre/lib/amd64/librxtxSerial.so
7fdc83518000-7fdc8351a000 rw-p 0000b000 08:08 1741075                    /usr/lib/jvm/java-7-openjdk-amd64/jre/lib/amd64/librxtxSerial.so
7fdc8351a000-7fdc8351b000 ---p 00000000 00:00 0 
7fdc8351b000-7fdc8361b000 rw-p 00000000 00:00 0                          [stack:15355]
7fdc8361b000-7fdc8361e000 ---p 00000000 00:00 0 
7fdc8361e000-7fdc8371c000 rw-p 00000000 00:00 0                          [stack:15354]
7fdc8371c000-7fdc8371f000 ---p 00000000 00:00 0 
7fdc8371f000-7fdc8381d000 rw-p 00000000 00:00 0                          [stack:15353]
7fdc8381d000-7fdc83820000 ---p 00000000 00:00 0 
7fdc83820000-7fdc8391e000 rw-p 00000000 00:00 0                          [stack:15352]
7fdc8391e000-7fdc84000000 r--p 00000000 08:08 1450093                    /usr/lib/locale/locale-archive
7fdc84000000-7fdc84021000 rw-p 00000000 00:00 0 
7fdc84021000-7fdc88000000 ---p 00000000 00:00 0 
7fdc880f1000-7fdc880f4000 ---p 00000000 00:00 0 
7fdc880f4000-7fdc881f2000 rw-p 00000000 00:00 0                          [stack:15351]
7fdc881f2000-7fdc881f5000 ---p 00000000 00:00 0 
7fdc881f5000-7fdc882f3000 rw-p 00000000 00:00 0                          [stack:15350]
7fdc882f3000-7fdc882f6000 ---p 00000000 00:00 0 
7fdc882f6000-7fdc883f4000 rw-p 00000000 00:00 0                          [stack:15349]
7fdc883f4000-7fdc883f5000 ---p 00000000 00:00 0 
7fdc883f5000-7fdc89000000 rw-p 00000000 00:00 0                          [stack:15348]
7fdc89000000-7fdc89270000 rwxp 00000000 00:00 0 
7fdc89270000-7fdc8c155000 rw-p 00000000 00:00 0 
7fdc8c155000-7fdc90000000 ---p 00000000 00:00 0 
7fdc90056000-7fdc90548000 rw-p 00000000 00:00 0 
7fdc90548000-7fdc906f9000 r--s 01d27000 08:08 1579224                    /usr/lib/jvm/java-7-openjdk-amd64/jre/lib/rt.jar
7fdc906f9000-7fdc90fe8000 rw-p 00000000 00:00 0 
7fdc90fe8000-7fdc90fe9000 ---p 00000000 00:00 0 
7fdc90fe9000-7fdc910e9000 rw-p 00000000 00:00 0                          [stack:15347]
7fdc910e9000-7fdc910ea000 ---p 00000000 00:00 0 
7fdc910ea000-7fdc911ea000 rw-p 00000000 00:00 0                          [stack:15346]
7fdc911ea000-7fdc911eb000 ---p 00000000 00:00 0 
7fdc911eb000-7fdc912eb000 rw-p 00000000 00:00 0                          [stack:15345]
7fdc912eb000-7fdc912ec000 ---p 00000000 00:00 0 
7fdc912ec000-7fdc9143f000 rw-p 00000000 00:00 0                          [stack:15344]
7fdc9143f000-7fdc9191e000 rw-p 00000000 00:00 0 
7fdc9191e000-7fdc91929000 rw-p 00000000 00:00 0 
7fdc91929000-7fdc91971000 rw-p 00000000 00:00 0 
7fdc91971000-7fdc919c4000 rw-p 00000000 00:00 0 
7fdc919c4000-7fdc91ea3000 rw-p 00000000 00:00 0 
7fdc91ea3000-7fdc91ecd000 rw-p 00000000 00:00 0 
7fdc91ecd000-7fdc9213c000 rw-p 00000000 00:00 0 
7fdc9213c000-7fdc92147000 rw-p 00000000 00:00 0 
7fdc92147000-7fdc921fd000 rw-p 00000000 00:00 0 
7fdc921fd000-7fdc92205000 r-xp 00000000 08:08 1712409                    /usr/lib/jvm/java-7-openjdk-amd64/jre/lib/amd64/libzip.so
7fdc92205000-7fdc92404000 ---p 00008000 08:08 1712409                    /usr/lib/jvm/java-7-openjdk-amd64/jre/lib/amd64/libzip.so
7fdc92404000-7fdc92405000 r--p 00007000 08:08 1712409                    /usr/lib/jvm/java-7-openjdk-amd64/jre/lib/amd64/libzip.so
7fdc92405000-7fdc92406000 rw-p 00008000 08:08 1712409                    /usr/lib/jvm/java-7-openjdk-amd64/jre/lib/amd64/libzip.so
7fdc92406000-7fdc92411000 r-xp 00000000 08:08 1185076                    /lib/x86_64-linux-gnu/libnss_files-2.19.so
7fdc92411000-7fdc92610000 ---p 0000b000 08:08 1185076                    /lib/x86_64-linux-gnu/libnss_files-2.19.so
7fdc92610000-7fdc92611000 r--p 0000a000 08:08 1185076                    /lib/x86_64-linux-gnu/libnss_files-2.19.so
7fdc92611000-7fdc92612000 rw-p 0000b000 08:08 1185076                    /lib/x86_64-linux-gnu/libnss_files-2.19.so
7fdc92612000-7fdc9261d000 r-xp 00000000 08:08 1185148                    /lib/x86_64-linux-gnu/libnss_nis-2.19.so
7fdc9261d000-7fdc9281c000 ---p 0000b000 08:08 1185148                    /lib/x86_64-linux-gnu/libnss_nis-2.19.so
7fdc9281c000-7fdc9281d000 r--p 0000a000 08:08 1185148                    /lib/x86_64-linux-gnu/libnss_nis-2.19.so
7fdc9281d000-7fdc9281e000 rw-p 0000b000 08:08 1185148                    /lib/x86_64-linux-gnu/libnss_nis-2.19.so
7fdc9281e000-7fdc92835000 r-xp 00000000 08:08 1185133                    /lib/x86_64-linux-gnu/libnsl-2.19.so
7fdc92835000-7fdc92a34000 ---p 00017000 08:08 1185133                    /lib/x86_64-linux-gnu/libnsl-2.19.so
7fdc92a34000-7fdc92a35000 r--p 00016000 08:08 1185133                    /lib/x86_64-linux-gnu/libnsl-2.19.so
7fdc92a35000-7fdc92a36000 rw-p 00017000 08:08 1185133                    /lib/x86_64-linux-gnu/libnsl-2.19.so
7fdc92a36000-7fdc92a38000 rw-p 00000000 00:00 0 
7fdc92a38000-7fdc92a41000 r-xp 00000000 08:08 1185131                    /lib/x86_64-linux-gnu/libnss_compat-2.19.so
7fdc92a41000-7fdc92c40000 ---p 00009000 08:08 1185131                    /lib/x86_64-linux-gnu/libnss_compat-2.19.so
7fdc92c40000-7fdc92c41000 r--p 00008000 08:08 1185131                    /lib/x86_64-linux-gnu/libnss_compat-2.19.so
7fdc92c41000-7fdc92c42000 rw-p 00009000 08:08 1185131                    /lib/x86_64-linux-gnu/libnss_compat-2.19.so
7fdc92c42000-7fdc92c6d000 r-xp 00000000 08:08 1713090                    /usr/lib/jvm/java-7-openjdk-amd64/jre/lib/amd64/libjava.so
7fdc92c6d000-7fdc92e6d000 ---p 0002b000 08:08 1713090                    /usr/lib/jvm/java-7-openjdk-amd64/jre/lib/amd64/libjava.so
7fdc92e6d000-7fdc92e6e000 r--p 0002b000 08:08 1713090                    /usr/lib/jvm/java-7-openjdk-amd64/jre/lib/amd64/libjava.so
7fdc92e6e000-7fdc92e70000 rw-p 0002c000 08:08 1713090                    /usr/lib/jvm/java-7-openjdk-amd64/jre/lib/amd64/libjava.so
7fdc92e70000-7fdc92e80000 r-xp 00000000 08:08 1713087                    /usr/lib/jvm/java-7-openjdk-amd64/jre/lib/amd64/libverify.so
7fdc92e80000-7fdc9307f000 ---p 00010000 08:08 1713087                    /usr/lib/jvm/java-7-openjdk-amd64/jre/lib/amd64/libverify.so
7fdc9307f000-7fdc93081000 r--p 0000f000 08:08 1713087                    /usr/lib/jvm/java-7-openjdk-amd64/jre/lib/amd64/libverify.so
7fdc93081000-7fdc93082000 rw-p 00011000 08:08 1713087                    /usr/lib/jvm/java-7-openjdk-amd64/jre/lib/amd64/libverify.so
7fdc93082000-7fdc93089000 r-xp 00000000 08:08 1185143                    /lib/x86_64-linux-gnu/librt-2.19.so
7fdc93089000-7fdc93288000 ---p 00007000 08:08 1185143                    /lib/x86_64-linux-gnu/librt-2.19.so
7fdc93288000-7fdc93289000 r--p 00006000 08:08 1185143                    /lib/x86_64-linux-gnu/librt-2.19.so
7fdc93289000-7fdc9328a000 rw-p 00007000 08:08 1185143                    /lib/x86_64-linux-gnu/librt-2.19.so
7fdc9328a000-7fdc932a0000 r-xp 00000000 08:08 1183756                    /lib/x86_64-linux-gnu/libgcc_s.so.1
7fdc932a0000-7fdc9349f000 ---p 00016000 08:08 1183756                    /lib/x86_64-linux-gnu/libgcc_s.so.1
7fdc9349f000-7fdc934a0000 rw-p 00015000 08:08 1183756                    /lib/x86_64-linux-gnu/libgcc_s.so.1
7fdc934a0000-7fdc935a5000 r-xp 00000000 08:08 1185074                    /lib/x86_64-linux-gnu/libm-2.19.so
7fdc935a5000-7fdc937a4000 ---p 00105000 08:08 1185074                    /lib/x86_64-linux-gnu/libm-2.19.so
7fdc937a4000-7fdc937a5000 r--p 00104000 08:08 1185074                    /lib/x86_64-linux-gnu/libm-2.19.so
7fdc937a5000-7fdc937a6000 rw-p 00105000 08:08 1185074                    /lib/x86_64-linux-gnu/libm-2.19.so
7fdc937a6000-7fdc9388c000 r-xp 00000000 08:08 1443227                    /usr/lib/x86_64-linux-gnu/libstdc++.so.6.0.19
7fdc9388c000-7fdc93a8b000 ---p 000e6000 08:08 1443227                    /usr/lib/x86_64-linux-gnu/libstdc++.so.6.0.19
7fdc93a8b000-7fdc93a93000 r--p 000e5000 08:08 1443227                    /usr/lib/x86_64-linux-gnu/libstdc++.so.6.0.19
7fdc93a93000-7fdc93a95000 rw-p 000ed000 08:08 1443227                    /usr/lib/x86_64-linux-gnu/libstdc++.so.6.0.19
7fdc93a95000-7fdc93aaa000 rw-p 00000000 00:00 0 
7fdc93aaa000-7fdc945c2000 r-xp 00000000 08:08 1713189                    /usr/lib/jvm/java-7-openjdk-amd64/jre/lib/amd64/server/libjvm.so
7fdc945c2000-7fdc947c2000 ---p 00b18000 08:08 1713189                    /usr/lib/jvm/java-7-openjdk-amd64/jre/lib/amd64/server/libjvm.so
7fdc947c2000-7fdc9485c000 r--p 00b18000 08:08 1713189                    /usr/lib/jvm/java-7-openjdk-amd64/jre/lib/amd64/server/libjvm.so
7fdc9485c000-7fdc9487f000 rw-p 00bb2000 08:08 1713189                    /usr/lib/jvm/java-7-openjdk-amd64/jre/lib/amd64/server/libjvm.so
7fdc9487f000-7fdc948ad000 rw-p 00000000 00:00 0 
7fdc948ad000-7fdc948c5000 r-xp 00000000 08:08 1184049                    /lib/x86_64-linux-gnu/libz.so.1.2.8
7fdc948c5000-7fdc94ac4000 ---p 00018000 08:08 1184049                    /lib/x86_64-linux-gnu/libz.so.1.2.8
7fdc94ac4000-7fdc94ac5000 r--p 00017000 08:08 1184049                    /lib/x86_64-linux-gnu/libz.so.1.2.8
7fdc94ac5000-7fdc94ac6000 rw-p 00018000 08:08 1184049                    /lib/x86_64-linux-gnu/libz.so.1.2.8
7fdc94ac6000-7fdc94adf000 r-xp 00000000 08:08 1185141                    /lib/x86_64-linux-gnu/libpthread-2.19.so
7fdc94adf000-7fdc94cde000 ---p 00019000 08:08 1185141                    /lib/x86_64-linux-gnu/libpthread-2.19.so
7fdc94cde000-7fdc94cdf000 r--p 00018000 08:08 1185141                    /lib/x86_64-linux-gnu/libpthread-2.19.so
7fdc94cdf000-7fdc94ce0000 rw-p 00019000 08:08 1185141                    /lib/x86_64-linux-gnu/libpthread-2.19.so
7fdc94ce0000-7fdc94ce4000 rw-p 00000000 00:00 0 
7fdc94ce4000-7fdc94ce7000 r-xp 00000000 08:08 1185115                    /lib/x86_64-linux-gnu/libdl-2.19.so
7fdc94ce7000-7fdc94ee6000 ---p 00003000 08:08 1185115                    /lib/x86_64-linux-gnu/libdl-2.19.so
7fdc94ee6000-7fdc94ee7000 r--p 00002000 08:08 1185115                    /lib/x86_64-linux-gnu/libdl-2.19.so
7fdc94ee7000-7fdc94ee8000 rw-p 00003000 08:08 1185115                    /lib/x86_64-linux-gnu/libdl-2.19.so
7fdc94ee8000-7fdc950a3000 r-xp 00000000 08:08 1185140                    /lib/x86_64-linux-gnu/libc-2.19.so
7fdc950a3000-7fdc952a2000 ---p 001bb000 08:08 1185140                    /lib/x86_64-linux-gnu/libc-2.19.so
7fdc952a2000-7fdc952a6000 r--p 001ba000 08:08 1185140                    /lib/x86_64-linux-gnu/libc-2.19.so
7fdc952a6000-7fdc952a8000 rw-p 001be000 08:08 1185140                    /lib/x86_64-linux-gnu/libc-2.19.so
7fdc952a8000-7fdc952ad000 rw-p 00000000 00:00 0 
7fdc952ad000-7fdc952ba000 r-xp 00000000 08:08 1712305                    /usr/lib/jvm/java-7-openjdk-amd64/jre/lib/amd64/jli/libjli.so
7fdc952ba000-7fdc954b9000 ---p 0000d000 08:08 1712305                    /usr/lib/jvm/java-7-openjdk-amd64/jre/lib/amd64/jli/libjli.so
7fdc954b9000-7fdc954ba000 r--p 0000c000 08:08 1712305                    /usr/lib/jvm/java-7-openjdk-amd64/jre/lib/amd64/jli/libjli.so
7fdc954ba000-7fdc954bb000 rw-p 0000d000 08:08 1712305                    /usr/lib/jvm/java-7-openjdk-amd64/jre/lib/amd64/jli/libjli.so
7fdc954bb000-7fdc954de000 r-xp 00000000 08:08 1185136                    /lib/x86_64-linux-gnu/ld-2.19.so
7fdc954e8000-7fdc954e9000 rw-p 00000000 00:00 0 
7fdc954e9000-7fdc954ec000 r--s 00086000 08:08 1846014                    /usr/lib/jvm/java-7-openjdk-amd64/jre/lib/ext/localedata.jar
7fdc954ec000-7fdc954ed000 r--s 00002000 08:08 1846012                    /usr/lib/jvm/java-7-openjdk-amd64/jre/lib/ext/dnsns.jar
7fdc954ed000-7fdc954ef000 r--s 0000d000 08:08 1872615                    /usr/lib/jvm/java-7-openjdk-amd64/jre/lib/ext/RXTXcomm.jar
7fdc954ef000-7fdc954f1000 r--s 00006000 08:08 1724750                    /usr/share/java/java-atk-wrapper.jar
7fdc954f1000-7fdc954f5000 r--s 00034000 08:08 1846015                    /usr/lib/jvm/java-7-openjdk-amd64/jre/lib/ext/sunjce_provider.jar
7fdc954f5000-7fdc954f8000 r--s 0000f000 08:08 1846011                    /usr/lib/jvm/java-7-openjdk-amd64/jre/lib/ext/icedtea-sound.jar
7fdc954f8000-7fdc95555000 rw-p 00000000 00:00 0 
7fdc95555000-7fdc9559d000 rw-p 00000000 00:00 0 
7fdc9559d000-7fdc955a0000 ---p 00000000 00:00 0 
7fdc955a0000-7fdc956a2000 rw-p 00000000 00:00 0                          [stack:15343]
7fdc956a2000-7fdc956a4000 r--s 00012000 08:08 1846016                    /usr/lib/jvm/java-7-openjdk-amd64/jre/lib/ext/zipfs.jar
7fdc956a4000-7fdc956a8000 r--s 0003c000 08:08 1846013                    /usr/lib/jvm/java-7-openjdk-amd64/jre/lib/ext/sunpkcs11.jar
7fdc956a8000-7fdc956d0000 rw-p 00000000 00:00 0 
7fdc956d0000-7fdc956d8000 rw-s 00000000 08:08 1325999                    /tmp/hsperfdata_nburn42/15342
7fdc956d8000-7fdc956d9000 rw-p 00000000 00:00 0 
7fdc956d9000-7fdc956da000 r--p 00000000 00:00 0 
7fdc956da000-7fdc956dd000 rw-p 00000000 00:00 0 
7fdc956dd000-7fdc956de000 r--p 00022000 08:08 1185136                    /lib/x86_64-linux-gnu/ld-2.19.so
7fdc956de000-7fdc956df000 rw-p 00023000 08:08 1185136                    /lib/x86_64-linux-gnu/ld-2.19.so
7fdc956df000-7fdc956e0000 rw-p 00000000 00:00 0 
7ffd5b711000-7ffd5b733000 rw-p 00000000 00:00 0                          [stack]
7ffd5b783000-7ffd5b785000 r-xp 00000000 00:00 0                          [vdso]
ffffffffff600000-ffffffffff601000 r-xp 00000000 00:00 0                  [vsyscall]

VM Arguments:
java_command: SerialTest
Launcher Type: SUN_STANDARD

Environment Variables:
JAVA_HOME=/usr/local/java/jdk1.8.0_25
PATH=/opt/ros/indigo/bin:/home/nburn42/torch/install/bin:/home/nburn42/Apps/google-cloud-sdk/bin:/usr/local/apache-maven/apache-maven-3.3.1/bin:/home/nburn42/torch/install/bin:/opt/OpenPrinting-Gutenprint/sbin:/opt/OpenPrinting-Gutenprint/bin:/usr/local/sbin:/usr/local/bin:/usr/sbin:/usr/bin:/sbin:/bin:/usr/games:/usr/local/games:/home/nburn42/bin:/usr/local/java/jdk1.8.0_25/bin:/home/nburn42/Apps/firefox:/home/nburn42/Apps/eclipse:/home/nburn42/Apps/appengine-java-sdk/bin:/home/nburn42/Apps/google_appengine:/home/nburn42/Apps/android-studio/bin:/home/nburn42/Apps/intellij/bin:/home/nburn42/Apps/dart:/home/nburn42/Apps/dart/dart-sdk/bin:/home/nburn42/Apps/idea-IC-141.178.9/bin:/home/nburn42/Apps/Eagle/bin:/home/nburn42/Apps/EagleParts/Bom-ex:/home/nburn42/Apps/dartTools/depot_tools:/home/nburn42/Apps/arduino-1.6.4:/usr/local/go/bin:/home/nburn42/Apps/idea-IC-141.178.9/bin:/home/nburn42/Apps/bin:/home/nburn42/Apps/google-cloud-sdk/platform/google_appengine
LD_LIBRARY_PATH=/usr/local/cuda-7.0/lib64:/opt/ros/indigo/lib:/opt/ros/indigo/lib/x86_64-linux-gnu:/home/nburn42/torch/install/lib::/opt/ros/indigo/lib/python2.7/dist-packages
SHELL=/bin/bash
DISPLAY=:0
DYLD_LIBRARY_PATH=/home/nburn42/torch/install/lib:/home/nburn42/torch/install/lib:

Signal Handlers:
SIGSEGV: [libjvm.so+0x94b9a0], sa_mask[0]=0x7ffbfeff, sa_flags=0x10000004
SIGBUS: [libjvm.so+0x94b9a0], sa_mask[0]=0x7ffbfeff, sa_flags=0x10000004
SIGFPE: [libjvm.so+0x7c3880], sa_mask[0]=0x7ffbfeff, sa_flags=0x10000004
SIGPIPE: [libjvm.so+0x7c3880], sa_mask[0]=0x7ffbfeff, sa_flags=0x10000004
SIGXFSZ: [libjvm.so+0x7c3880], sa_mask[0]=0x7ffbfeff, sa_flags=0x10000004
SIGILL: [libjvm.so+0x7c3880], sa_mask[0]=0x7ffbfeff, sa_flags=0x10000004
SIGUSR1: SIG_DFL, sa_mask[0]=0x00000000, sa_flags=0x00000000
SIGUSR2: [libjvm.so+0x7c3720], sa_mask[0]=0x00000000, sa_flags=0x10000004
SIGHUP: [libjvm.so+0x7c3900], sa_mask[0]=0x7ffbfeff, sa_flags=0x10000004
SIGINT: [libjvm.so+0x7c3900], sa_mask[0]=0x7ffbfeff, sa_flags=0x10000004
SIGTERM: [libjvm.so+0x7c3900], sa_mask[0]=0x7ffbfeff, sa_flags=0x10000004
SIGQUIT: [libjvm.so+0x7c3900], sa_mask[0]=0x7ffbfeff, sa_flags=0x10000004
SIGTRAP: SIG_DFL, sa_mask[0]=0x00000000, sa_flags=0x00000000


---------------  S Y S T E M  ---------------

OS:Ubuntu 14.04 (trusty)
uname:Linux 3.13.0-52-generic #86-Ubuntu SMP Mon May 4 04:32:59 UTC 2015 x86_64
libc:glibc 2.19 NPTL 2.19 
rlimit: STACK 8192k, CORE infinity, NPROC 127432, NOFILE 4096, AS infinity
load average:0.42 0.45 0.52

/proc/meminfo:
MemTotal:       16341944 kB
MemFree:         7461708 kB
Buffers:          719972 kB
Cached:          3200292 kB
SwapCached:            0 kB
Active:          5479012 kB
Inactive:        2721268 kB
Active(anon):    4283436 kB
Inactive(anon):   299892 kB
Active(file):    1195576 kB
Inactive(file):  2421376 kB
Unevictable:          32 kB
Mlocked:              32 kB
SwapTotal:      15999996 kB
SwapFree:       15999996 kB
Dirty:              2932 kB
Writeback:             0 kB
AnonPages:       4280096 kB
Mapped:           409468 kB
Shmem:            303320 kB
Slab:             457832 kB
SReclaimable:     412968 kB
SUnreclaim:        44864 kB
KernelStack:        6800 kB
PageTables:        65556 kB
NFS_Unstable:          0 kB
Bounce:                0 kB
WritebackTmp:          0 kB
CommitLimit:    24170968 kB
Committed_AS:   13257756 kB
VmallocTotal:   34359738367 kB
VmallocUsed:      573480 kB
VmallocChunk:   34359135204 kB
HardwareCorrupted:     0 kB
AnonHugePages:   1642496 kB
HugePages_Total:       0
HugePages_Free:        0
HugePages_Rsvd:        0
HugePages_Surp:        0
Hugepagesize:       2048 kB
DirectMap4k:      113404 kB
DirectMap2M:    16572416 kB


CPU:total 4 (2 cores per cpu, 2 threads per core) family 6 model 42 stepping 7, cmov, cx8, fxsr, mmx, sse, sse2, sse3, ssse3, sse4.1, sse4.2, popcnt, avx, aes, ht, tsc, tscinvbit

/proc/cpuinfo:
processor	: 0
vendor_id	: GenuineIntel
cpu family	: 6
model		: 42
model name	: Intel(R) Core(TM) i5-2520M CPU @ 2.50GHz
stepping	: 7
microcode	: 0x14
cpu MHz		: 800.000
cache size	: 3072 KB
physical id	: 0
siblings	: 4
core id		: 0
cpu cores	: 2
apicid		: 0
initial apicid	: 0
fpu		: yes
fpu_exception	: yes
cpuid level	: 13
wp		: yes
flags		: fpu vme de pse tsc msr pae mce cx8 apic sep mtrr pge mca cmov pat pse36 clflush dts acpi mmx fxsr sse sse2 ss ht tm pbe syscall nx rdtscp lm constant_tsc arch_perfmon pebs bts rep_good nopl xtopology nonstop_tsc aperfmperf eagerfpu pni pclmulqdq dtes64 monitor ds_cpl vmx smx est tm2 ssse3 cx16 xtpr pdcm pcid sse4_1 sse4_2 x2apic popcnt tsc_deadline_timer aes xsave avx lahf_lm ida arat epb xsaveopt pln pts dtherm tpr_shadow vnmi flexpriority ept vpid
bogomips	: 4988.99
clflush size	: 64
cache_alignment	: 64
address sizes	: 36 bits physical, 48 bits virtual
power management:

processor	: 1
vendor_id	: GenuineIntel
cpu family	: 6
model		: 42
model name	: Intel(R) Core(TM) i5-2520M CPU @ 2.50GHz
stepping	: 7
microcode	: 0x14
cpu MHz		: 2500.000
cache size	: 3072 KB
physical id	: 0
siblings	: 4
core id		: 0
cpu cores	: 2
apicid		: 1
initial apicid	: 1
fpu		: yes
fpu_exception	: yes
cpuid level	: 13
wp		: yes
flags		: fpu vme de pse tsc msr pae mce cx8 apic sep mtrr pge mca cmov pat pse36 clflush dts acpi mmx fxsr sse sse2 ss ht tm pbe syscall nx rdtscp lm constant_tsc arch_perfmon pebs bts rep_good nopl xtopology nonstop_tsc aperfmperf eagerfpu pni pclmulqdq dtes64 monitor ds_cpl vmx smx est tm2 ssse3 cx16 xtpr pdcm pcid sse4_1 sse4_2 x2apic popcnt tsc_deadline_timer aes xsave avx lahf_lm ida arat epb xsaveopt pln pts dtherm tpr_shadow vnmi flexpriority ept vpid
bogomips	: 4988.99
clflush size	: 64
cache_alignment	: 64
address sizes	: 36 bits physical, 48 bits virtual
power management:

processor	: 2
vendor_id	: GenuineIntel
cpu family	: 6
model		: 42
model name	: Intel(R) Core(TM) i5-2520M CPU @ 2.50GHz
stepping	: 7
microcode	: 0x14
cpu MHz		: 1800.000
cache size	: 3072 KB
physical id	: 0
siblings	: 4
core id		: 1
cpu cores	: 2
apicid		: 2
initial apicid	: 2
fpu		: yes
fpu_exception	: yes
cpuid level	: 13
wp		: yes
flags		: fpu vme de pse tsc msr pae mce cx8 apic sep mtrr pge mca cmov pat pse36 clflush dts acpi mmx fxsr sse sse2 ss ht tm pbe syscall nx rdtscp lm constant_tsc arch_perfmon pebs bts rep_good nopl xtopology nonstop_tsc aperfmperf eagerfpu pni pclmulqdq dtes64 monitor ds_cpl vmx smx est tm2 ssse3 cx16 xtpr pdcm pcid sse4_1 sse4_2 x2apic popcnt tsc_deadline_timer aes xsave avx lahf_lm ida arat epb xsaveopt pln pts dtherm tpr_shadow vnmi flexpriority ept vpid
bogomips	: 4988.99
clflush size	: 64
cache_alignment	: 64
address sizes	: 36 bits physical, 48 bits virtual
power management:

processor	: 3
vendor_id	: GenuineIntel
cpu family	: 6
model		: 42
model name	: Intel(R) Core(TM) i5-2520M CPU @ 2.50GHz
stepping	: 7
microcode	: 0x14
cpu MHz		: 800.000
cache size	: 3072 KB
physical id	: 0
siblings	: 4
core id		: 1
cpu cores	: 2
apicid		: 3
initial apicid	: 3
fpu		: yes
fpu_exception	: yes
cpuid level	: 13
wp		: yes
flags		: fpu vme de pse tsc msr pae mce cx8 apic sep mtrr pge mca cmov pat pse36 clflush dts acpi mmx fxsr sse sse2 ss ht tm pbe syscall nx rdtscp lm constant_tsc arch_perfmon pebs bts rep_good nopl xtopology nonstop_tsc aperfmperf eagerfpu pni pclmulqdq dtes64 monitor ds_cpl vmx smx est tm2 ssse3 cx16 xtpr pdcm pcid sse4_1 sse4_2 x2apic popcnt tsc_deadline_timer aes xsave avx lahf_lm ida arat epb xsaveopt pln pts dtherm tpr_shadow vnmi flexpriority ept vpid
bogomips	: 4988.99
clflush size	: 64
cache_alignment	: 64
address sizes	: 36 bits physical, 48 bits virtual
power management:



Memory: 4k page, physical 16341944k(7461708k free), swap 15999996k(15999996k free)

vm_info: OpenJDK 64-Bit Server VM (24.79-b02) for linux-amd64 JRE (1.7.0_79-b14), built on Apr 16 2015 08:21:58 by "buildd" with gcc 4.8.2

time: Fri Feb  5 18:19:42 2016
elapsed time: 0 seconds

